2018-08-07 13:51:35.494 INFO  [main] org.springframework.boot.StartupInfoLogger:50 - [AdminApplication::logStarting] Starting AdminApplication on LAPTOP-0POUR98H with PID 8820 (D:\JavaWorkSpace\fyts-Alpha\fyts-parent\fyts-modules-admin\target\classes started by admin in D:\JavaWorkSpace\fyts-Alpha\fyts-parent\fyts-modules-admin)
2018-08-07 13:51:35.564 DEBUG [main] org.springframework.boot.StartupInfoLogger:53 - [AdminApplication::logStarting] Running with Spring Boot v2.0.1.RELEASE, Spring v5.0.5.RELEASE
2018-08-07 13:51:35.565 INFO  [main] org.springframework.boot.SpringApplication:663 - [AdminApplication::logStartupProfileInfo] The following profiles are active: core-dev,dev
2018-08-07 13:51:44.348 INFO  [main] org.springframework.boot.StartupInfoLogger:59 - [AdminApplication::logStarted] Started AdminApplication in 9.966 seconds (JVM running for 11.417)
2018-08-07 13:52:23.635 DEBUG [http-nio-8081-exec-1] org.apache.ibatis.logging.jdbc.BaseJdbcLogger:159 - [selectPage::debug] ==>  Preparing: SELECT COUNT(1) FROM admin 
2018-08-07 13:52:23.708 DEBUG [http-nio-8081-exec-1] org.apache.ibatis.logging.jdbc.BaseJdbcLogger:159 - [selectPage::debug] ==> Parameters: 
2018-08-07 13:52:23.749 DEBUG [http-nio-8081-exec-1] org.apache.ibatis.logging.jdbc.BaseJdbcLogger:159 - [selectPage::debug] ==>  Preparing: SELECT id,account,age,`password`,create_date AS createDate,update_date AS updateDate,istatus,del_flag AS delFlag,version FROM admin LIMIT 0,10 
2018-08-07 13:52:23.751 DEBUG [http-nio-8081-exec-1] org.apache.ibatis.logging.jdbc.BaseJdbcLogger:159 - [selectPage::debug] ==> Parameters: 
2018-08-07 13:52:23.765 DEBUG [http-nio-8081-exec-1] org.apache.ibatis.logging.jdbc.BaseJdbcLogger:159 - [selectPage::debug] <==      Total: 4
2018-08-07 13:53:50.720 INFO  [main] org.springframework.boot.StartupInfoLogger:50 - [AdminApplication::logStarting] Starting AdminApplication on LAPTOP-0POUR98H with PID 18660 (D:\JavaWorkSpace\fyts-Alpha\fyts-parent\fyts-modules-admin\target\classes started by admin in D:\JavaWorkSpace\fyts-Alpha\fyts-parent\fyts-modules-admin)
2018-08-07 13:53:50.728 DEBUG [main] org.springframework.boot.StartupInfoLogger:53 - [AdminApplication::logStarting] Running with Spring Boot v2.0.1.RELEASE, Spring v5.0.5.RELEASE
2018-08-07 13:53:50.728 INFO  [main] org.springframework.boot.SpringApplication:663 - [AdminApplication::logStartupProfileInfo] The following profiles are active: core-dev,dev
2018-08-07 13:53:57.872 INFO  [main] org.springframework.boot.StartupInfoLogger:59 - [AdminApplication::logStarted] Started AdminApplication in 8.123 seconds (JVM running for 9.494)
2018-08-07 13:54:03.630 DEBUG [http-nio-8081-exec-1] org.apache.ibatis.logging.jdbc.BaseJdbcLogger:159 - [selectPage::debug] ==>  Preparing: SELECT COUNT(1) FROM admin 
2018-08-07 13:54:03.687 DEBUG [http-nio-8081-exec-1] org.apache.ibatis.logging.jdbc.BaseJdbcLogger:159 - [selectPage::debug] ==> Parameters: 
2018-08-07 13:54:03.722 DEBUG [http-nio-8081-exec-1] org.apache.ibatis.logging.jdbc.BaseJdbcLogger:159 - [selectPage::debug] ==>  Preparing: SELECT id,account,age,`password`,create_date AS createDate,update_date AS updateDate,istatus,del_flag AS delFlag,version FROM admin LIMIT 0,10 
2018-08-07 13:54:03.725 DEBUG [http-nio-8081-exec-1] org.apache.ibatis.logging.jdbc.BaseJdbcLogger:159 - [selectPage::debug] ==> Parameters: 
2018-08-07 13:54:03.739 DEBUG [http-nio-8081-exec-1] org.apache.ibatis.logging.jdbc.BaseJdbcLogger:159 - [selectPage::debug] <==      Total: 4
2018-08-07 13:56:43.509 INFO  [main] org.springframework.boot.StartupInfoLogger:50 - [AdminApplication::logStarting] Starting AdminApplication on LAPTOP-0POUR98H with PID 1212 (D:\JavaWorkSpace\fyts-Alpha\fyts-parent\fyts-modules-admin\target\classes started by admin in D:\JavaWorkSpace\fyts-Alpha\fyts-parent\fyts-modules-admin)
2018-08-07 13:56:43.520 DEBUG [main] org.springframework.boot.StartupInfoLogger:53 - [AdminApplication::logStarting] Running with Spring Boot v2.0.1.RELEASE, Spring v5.0.5.RELEASE
2018-08-07 13:56:43.527 INFO  [main] org.springframework.boot.SpringApplication:663 - [AdminApplication::logStartupProfileInfo] The following profiles are active: core-dev,dev
2018-08-07 13:56:52.049 INFO  [main] org.springframework.boot.StartupInfoLogger:59 - [AdminApplication::logStarted] Started AdminApplication in 9.742 seconds (JVM running for 11.464)
2018-08-07 13:57:02.325 DEBUG [http-nio-8081-exec-1] org.apache.ibatis.logging.jdbc.BaseJdbcLogger:159 - [selectPage::debug] ==>  Preparing: SELECT COUNT(1) FROM admin 
2018-08-07 13:57:02.402 DEBUG [http-nio-8081-exec-1] org.apache.ibatis.logging.jdbc.BaseJdbcLogger:159 - [selectPage::debug] ==> Parameters: 
2018-08-07 13:57:02.442 DEBUG [http-nio-8081-exec-1] org.apache.ibatis.logging.jdbc.BaseJdbcLogger:159 - [selectPage::debug] ==>  Preparing: SELECT id,account,age,`password`,create_date AS createDate,update_date AS updateDate,istatus,del_flag AS delFlag,version FROM admin LIMIT 0,10 
2018-08-07 13:57:02.446 DEBUG [http-nio-8081-exec-1] org.apache.ibatis.logging.jdbc.BaseJdbcLogger:159 - [selectPage::debug] ==> Parameters: 
2018-08-07 13:57:02.463 DEBUG [http-nio-8081-exec-1] org.apache.ibatis.logging.jdbc.BaseJdbcLogger:159 - [selectPage::debug] <==      Total: 4
2018-08-07 13:58:07.119 INFO  [main] org.springframework.boot.StartupInfoLogger:50 - [AdminApplication::logStarting] Starting AdminApplication on LAPTOP-0POUR98H with PID 14828 (D:\JavaWorkSpace\fyts-Alpha\fyts-parent\fyts-modules-admin\target\classes started by admin in D:\JavaWorkSpace\fyts-Alpha\fyts-parent\fyts-modules-admin)
2018-08-07 13:58:07.129 DEBUG [main] org.springframework.boot.StartupInfoLogger:53 - [AdminApplication::logStarting] Running with Spring Boot v2.0.1.RELEASE, Spring v5.0.5.RELEASE
2018-08-07 13:58:07.129 INFO  [main] org.springframework.boot.SpringApplication:663 - [AdminApplication::logStartupProfileInfo] The following profiles are active: core-dev,dev
2018-08-07 13:58:15.144 INFO  [main] org.springframework.boot.StartupInfoLogger:59 - [AdminApplication::logStarted] Started AdminApplication in 8.903 seconds (JVM running for 10.31)
2018-08-07 13:58:25.920 DEBUG [http-nio-8081-exec-1] org.apache.ibatis.logging.jdbc.BaseJdbcLogger:159 - [selectPage::debug] ==>  Preparing: SELECT COUNT(1) FROM admin 
2018-08-07 13:58:25.972 DEBUG [http-nio-8081-exec-1] org.apache.ibatis.logging.jdbc.BaseJdbcLogger:159 - [selectPage::debug] ==> Parameters: 
2018-08-07 13:58:26.011 DEBUG [http-nio-8081-exec-1] org.apache.ibatis.logging.jdbc.BaseJdbcLogger:159 - [selectPage::debug] ==>  Preparing: SELECT id,account,age,`password`,create_date AS createDate,update_date AS updateDate,istatus,del_flag AS delFlag,version FROM admin LIMIT 0,10 
2018-08-07 13:58:26.013 DEBUG [http-nio-8081-exec-1] org.apache.ibatis.logging.jdbc.BaseJdbcLogger:159 - [selectPage::debug] ==> Parameters: 
2018-08-07 13:58:26.028 DEBUG [http-nio-8081-exec-1] org.apache.ibatis.logging.jdbc.BaseJdbcLogger:159 - [selectPage::debug] <==      Total: 4
2018-08-07 14:53:48.963 INFO  [main] org.springframework.boot.StartupInfoLogger:50 - [AdminApplication::logStarting] Starting AdminApplication on LAPTOP-0POUR98H with PID 23008 (D:\JavaWorkSpace\fyts-Alpha\fyts-parent\fyts-modules-admin\target\classes started by admin in D:\JavaWorkSpace\fyts-Alpha\fyts-parent\fyts-modules-admin)
2018-08-07 14:53:49.059 DEBUG [main] org.springframework.boot.StartupInfoLogger:53 - [AdminApplication::logStarting] Running with Spring Boot v2.0.1.RELEASE, Spring v5.0.5.RELEASE
2018-08-07 14:53:49.060 INFO  [main] org.springframework.boot.SpringApplication:663 - [AdminApplication::logStartupProfileInfo] The following profiles are active: core-dev,dev
2018-08-07 14:54:06.630 INFO  [main] org.springframework.boot.StartupInfoLogger:59 - [AdminApplication::logStarted] Started AdminApplication in 19.129 seconds (JVM running for 21.503)
2018-08-07 14:55:54.263 INFO  [main] org.springframework.boot.StartupInfoLogger:50 - [AdminApplication::logStarting] Starting AdminApplication on LAPTOP-0POUR98H with PID 19436 (D:\JavaWorkSpace\fyts-Alpha\fyts-parent\fyts-modules-admin\target\classes started by admin in D:\JavaWorkSpace\fyts-Alpha\fyts-parent\fyts-modules-admin)
2018-08-07 14:55:54.274 DEBUG [main] org.springframework.boot.StartupInfoLogger:53 - [AdminApplication::logStarting] Running with Spring Boot v2.0.1.RELEASE, Spring v5.0.5.RELEASE
2018-08-07 14:55:54.274 INFO  [main] org.springframework.boot.SpringApplication:663 - [AdminApplication::logStartupProfileInfo] The following profiles are active: core-dev,dev
2018-08-07 14:56:03.561 INFO  [main] org.springframework.boot.StartupInfoLogger:59 - [AdminApplication::logStarted] Started AdminApplication in 10.477 seconds (JVM running for 12.255)
2018-08-07 15:01:32.899 INFO  [main] org.springframework.boot.StartupInfoLogger:50 - [AdminApplication::logStarting] Starting AdminApplication on LAPTOP-0POUR98H with PID 13780 (D:\JavaWorkSpace\fyts-Alpha\fyts-parent\fyts-modules-admin\target\classes started by admin in D:\JavaWorkSpace\fyts-Alpha\fyts-parent\fyts-modules-admin)
2018-08-07 15:01:32.908 DEBUG [main] org.springframework.boot.StartupInfoLogger:53 - [AdminApplication::logStarting] Running with Spring Boot v2.0.1.RELEASE, Spring v5.0.5.RELEASE
2018-08-07 15:01:32.909 INFO  [main] org.springframework.boot.SpringApplication:663 - [AdminApplication::logStartupProfileInfo] The following profiles are active: core-dev,dev
2018-08-07 15:01:40.629 INFO  [main] org.springframework.boot.StartupInfoLogger:59 - [AdminApplication::logStarted] Started AdminApplication in 8.738 seconds (JVM running for 10.354)
2018-08-07 15:01:54.089 DEBUG [http-nio-8081-exec-2] org.apache.ibatis.logging.jdbc.BaseJdbcLogger:159 - [selectPage::debug] ==>  Preparing: SELECT COUNT(1) FROM admin 
2018-08-07 15:01:54.143 DEBUG [http-nio-8081-exec-2] org.apache.ibatis.logging.jdbc.BaseJdbcLogger:159 - [selectPage::debug] ==> Parameters: 
2018-08-07 15:01:54.185 DEBUG [http-nio-8081-exec-2] org.apache.ibatis.logging.jdbc.BaseJdbcLogger:159 - [selectPage::debug] ==>  Preparing: SELECT id,account,age,`password`,create_date AS createDate,update_date AS updateDate,istatus,del_flag AS delFlag,version FROM admin LIMIT 0,10 
2018-08-07 15:01:54.187 DEBUG [http-nio-8081-exec-2] org.apache.ibatis.logging.jdbc.BaseJdbcLogger:159 - [selectPage::debug] ==> Parameters: 
2018-08-07 15:01:54.201 DEBUG [http-nio-8081-exec-2] org.apache.ibatis.logging.jdbc.BaseJdbcLogger:159 - [selectPage::debug] <==      Total: 4
2018-08-07 15:04:36.446 DEBUG [http-nio-8081-exec-6] org.apache.ibatis.logging.jdbc.BaseJdbcLogger:159 - [selectPage::debug] ==>  Preparing: SELECT COUNT(1) FROM admin 
2018-08-07 15:04:36.448 DEBUG [http-nio-8081-exec-6] org.apache.ibatis.logging.jdbc.BaseJdbcLogger:159 - [selectPage::debug] ==> Parameters: 
2018-08-07 15:04:36.456 DEBUG [http-nio-8081-exec-6] org.apache.ibatis.logging.jdbc.BaseJdbcLogger:159 - [selectPage::debug] ==>  Preparing: SELECT id,account,age,`password`,create_date AS createDate,update_date AS updateDate,istatus,del_flag AS delFlag,version FROM admin LIMIT 0,10 
2018-08-07 15:04:36.459 DEBUG [http-nio-8081-exec-6] org.apache.ibatis.logging.jdbc.BaseJdbcLogger:159 - [selectPage::debug] ==> Parameters: 
2018-08-07 15:04:36.474 DEBUG [http-nio-8081-exec-6] org.apache.ibatis.logging.jdbc.BaseJdbcLogger:159 - [selectPage::debug] <==      Total: 4
2018-08-07 15:04:44.018 DEBUG [http-nio-8081-exec-10] org.apache.ibatis.logging.jdbc.BaseJdbcLogger:159 - [selectPage::debug] ==>  Preparing: SELECT COUNT(1) FROM admin 
2018-08-07 15:04:44.019 DEBUG [http-nio-8081-exec-10] org.apache.ibatis.logging.jdbc.BaseJdbcLogger:159 - [selectPage::debug] ==> Parameters: 
2018-08-07 15:04:44.022 DEBUG [http-nio-8081-exec-10] org.apache.ibatis.logging.jdbc.BaseJdbcLogger:159 - [selectPage::debug] ==>  Preparing: SELECT id,account,age,`password`,create_date AS createDate,update_date AS updateDate,istatus,del_flag AS delFlag,version FROM admin LIMIT 0,10 
2018-08-07 15:04:44.023 DEBUG [http-nio-8081-exec-10] org.apache.ibatis.logging.jdbc.BaseJdbcLogger:159 - [selectPage::debug] ==> Parameters: 
2018-08-07 15:04:44.027 DEBUG [http-nio-8081-exec-10] org.apache.ibatis.logging.jdbc.BaseJdbcLogger:159 - [selectPage::debug] <==      Total: 4
2018-08-07 15:05:52.575 INFO  [main] org.springframework.boot.StartupInfoLogger:50 - [AdminApplication::logStarting] Starting AdminApplication on LAPTOP-0POUR98H with PID 4332 (D:\JavaWorkSpace\fyts-Alpha\fyts-parent\fyts-modules-admin\target\classes started by admin in D:\JavaWorkSpace\fyts-Alpha\fyts-parent\fyts-modules-admin)
2018-08-07 15:05:52.584 DEBUG [main] org.springframework.boot.StartupInfoLogger:53 - [AdminApplication::logStarting] Running with Spring Boot v2.0.1.RELEASE, Spring v5.0.5.RELEASE
2018-08-07 15:05:52.584 INFO  [main] org.springframework.boot.SpringApplication:663 - [AdminApplication::logStartupProfileInfo] The following profiles are active: core-dev,dev
2018-08-07 15:06:01.585 INFO  [main] org.springframework.boot.StartupInfoLogger:59 - [AdminApplication::logStarted] Started AdminApplication in 9.927 seconds (JVM running for 11.339)
2018-08-07 19:09:28.648 INFO  [restartedMain] org.springframework.boot.StartupInfoLogger:50 - [AdminApplication::logStarting] Starting AdminApplication on LAPTOP-0POUR98H with PID 21496 (D:\JavaWorkSpace\fyts-Alpha\fyts-parent\fyts-modules-admin\target\classes started by admin in D:\JavaWorkSpace\fyts-Alpha\fyts-parent\fyts-modules-admin)
2018-08-07 19:09:28.663 DEBUG [restartedMain] org.springframework.boot.StartupInfoLogger:53 - [AdminApplication::logStarting] Running with Spring Boot v2.0.1.RELEASE, Spring v5.0.5.RELEASE
2018-08-07 19:09:28.663 INFO  [restartedMain] org.springframework.boot.SpringApplication:663 - [AdminApplication::logStartupProfileInfo] The following profiles are active: core-dev,dev
2018-08-07 19:09:37.845 INFO  [restartedMain] org.springframework.boot.StartupInfoLogger:59 - [AdminApplication::logStarted] Started AdminApplication in 10.199 seconds (JVM running for 11.873)
2018-08-07 19:09:54.611 INFO  [restartedMain] org.springframework.boot.StartupInfoLogger:50 - [AdminApplication::logStarting] Starting AdminApplication on LAPTOP-0POUR98H with PID 21496 (D:\JavaWorkSpace\fyts-Alpha\fyts-parent\fyts-modules-admin\target\classes started by admin in D:\JavaWorkSpace\fyts-Alpha\fyts-parent\fyts-modules-admin)
2018-08-07 19:09:54.612 DEBUG [restartedMain] org.springframework.boot.StartupInfoLogger:53 - [AdminApplication::logStarting] Running with Spring Boot v2.0.1.RELEASE, Spring v5.0.5.RELEASE
2018-08-07 19:09:54.612 INFO  [restartedMain] org.springframework.boot.SpringApplication:663 - [AdminApplication::logStartupProfileInfo] The following profiles are active: core-dev,dev
2018-08-07 19:09:56.973 INFO  [restartedMain] org.springframework.boot.StartupInfoLogger:59 - [AdminApplication::logStarted] Started AdminApplication in 2.48 seconds (JVM running for 31.002)
2018-08-07 19:10:13.776 INFO  [restartedMain] org.springframework.boot.StartupInfoLogger:50 - [AdminApplication::logStarting] Starting AdminApplication on LAPTOP-0POUR98H with PID 21496 (D:\JavaWorkSpace\fyts-Alpha\fyts-parent\fyts-modules-admin\target\classes started by admin in D:\JavaWorkSpace\fyts-Alpha\fyts-parent\fyts-modules-admin)
2018-08-07 19:10:13.777 DEBUG [restartedMain] org.springframework.boot.StartupInfoLogger:53 - [AdminApplication::logStarting] Running with Spring Boot v2.0.1.RELEASE, Spring v5.0.5.RELEASE
2018-08-07 19:10:13.777 INFO  [restartedMain] org.springframework.boot.SpringApplication:663 - [AdminApplication::logStartupProfileInfo] The following profiles are active: core-dev,dev
2018-08-07 19:10:16.118 INFO  [restartedMain] org.springframework.boot.StartupInfoLogger:59 - [AdminApplication::logStarted] Started AdminApplication in 2.478 seconds (JVM running for 50.146)
2018-08-07 19:18:34.177 INFO  [restartedMain] org.springframework.boot.StartupInfoLogger:50 - [AdminApplication::logStarting] Starting AdminApplication on LAPTOP-0POUR98H with PID 21496 (D:\JavaWorkSpace\fyts-Alpha\fyts-parent\fyts-modules-admin\target\classes started by admin in D:\JavaWorkSpace\fyts-Alpha\fyts-parent\fyts-modules-admin)
2018-08-07 19:18:34.178 DEBUG [restartedMain] org.springframework.boot.StartupInfoLogger:53 - [AdminApplication::logStarting] Running with Spring Boot v2.0.1.RELEASE, Spring v5.0.5.RELEASE
2018-08-07 19:18:34.178 INFO  [restartedMain] org.springframework.boot.SpringApplication:663 - [AdminApplication::logStartupProfileInfo] The following profiles are active: core-dev,dev
2018-08-07 19:18:36.576 INFO  [restartedMain] org.springframework.boot.StartupInfoLogger:59 - [AdminApplication::logStarted] Started AdminApplication in 2.523 seconds (JVM running for 550.604)
2018-08-07 19:19:50.382 INFO  [restartedMain] org.springframework.boot.StartupInfoLogger:50 - [AdminApplication::logStarting] Starting AdminApplication on LAPTOP-0POUR98H with PID 21496 (D:\JavaWorkSpace\fyts-Alpha\fyts-parent\fyts-modules-admin\target\classes started by admin in D:\JavaWorkSpace\fyts-Alpha\fyts-parent\fyts-modules-admin)
2018-08-07 19:19:50.383 DEBUG [restartedMain] org.springframework.boot.StartupInfoLogger:53 - [AdminApplication::logStarting] Running with Spring Boot v2.0.1.RELEASE, Spring v5.0.5.RELEASE
2018-08-07 19:19:50.385 INFO  [restartedMain] org.springframework.boot.SpringApplication:663 - [AdminApplication::logStartupProfileInfo] The following profiles are active: core-dev,dev
2018-08-07 19:19:52.403 INFO  [restartedMain] org.springframework.boot.StartupInfoLogger:59 - [AdminApplication::logStarted] Started AdminApplication in 2.213 seconds (JVM running for 626.432)
2018-08-07 19:36:22.966 INFO  [restartedMain] org.springframework.boot.StartupInfoLogger:50 - [AdminApplication::logStarting] Starting AdminApplication on LAPTOP-0POUR98H with PID 21496 (D:\JavaWorkSpace\fyts-Alpha\fyts-parent\fyts-modules-admin\target\classes started by admin in D:\JavaWorkSpace\fyts-Alpha\fyts-parent\fyts-modules-admin)
2018-08-07 19:36:22.967 DEBUG [restartedMain] org.springframework.boot.StartupInfoLogger:53 - [AdminApplication::logStarting] Running with Spring Boot v2.0.1.RELEASE, Spring v5.0.5.RELEASE
2018-08-07 19:36:22.967 INFO  [restartedMain] org.springframework.boot.SpringApplication:659 - [AdminApplication::logStartupProfileInfo] No active profile set, falling back to default profiles: default
2018-08-07 19:36:52.337 INFO  [restartedMain] org.springframework.boot.StartupInfoLogger:50 - [AdminApplication::logStarting] Starting AdminApplication on LAPTOP-0POUR98H with PID 21496 (D:\JavaWorkSpace\fyts-Alpha\fyts-parent\fyts-modules-admin\target\classes started by admin in D:\JavaWorkSpace\fyts-Alpha\fyts-parent\fyts-modules-admin)
2018-08-07 19:36:52.338 DEBUG [restartedMain] org.springframework.boot.StartupInfoLogger:53 - [AdminApplication::logStarting] Running with Spring Boot v2.0.1.RELEASE, Spring v5.0.5.RELEASE
2018-08-07 19:36:52.338 INFO  [restartedMain] org.springframework.boot.SpringApplication:659 - [AdminApplication::logStartupProfileInfo] No active profile set, falling back to default profiles: default
2018-08-07 19:37:32.814 INFO  [restartedMain] org.springframework.boot.StartupInfoLogger:50 - [AdminApplication::logStarting] Starting AdminApplication on LAPTOP-0POUR98H with PID 21496 (D:\JavaWorkSpace\fyts-Alpha\fyts-parent\fyts-modules-admin\target\classes started by admin in D:\JavaWorkSpace\fyts-Alpha\fyts-parent\fyts-modules-admin)
2018-08-07 19:37:32.815 DEBUG [restartedMain] org.springframework.boot.StartupInfoLogger:53 - [AdminApplication::logStarting] Running with Spring Boot v2.0.1.RELEASE, Spring v5.0.5.RELEASE
2018-08-07 19:37:32.815 INFO  [restartedMain] org.springframework.boot.SpringApplication:659 - [AdminApplication::logStartupProfileInfo] No active profile set, falling back to default profiles: default
2018-08-07 19:39:11.151 INFO  [restartedMain] org.springframework.boot.StartupInfoLogger:50 - [AdminApplication::logStarting] Starting AdminApplication on LAPTOP-0POUR98H with PID 21496 (D:\JavaWorkSpace\fyts-Alpha\fyts-parent\fyts-modules-admin\target\classes started by admin in D:\JavaWorkSpace\fyts-Alpha\fyts-parent\fyts-modules-admin)
2018-08-07 19:39:11.151 DEBUG [restartedMain] org.springframework.boot.StartupInfoLogger:53 - [AdminApplication::logStarting] Running with Spring Boot v2.0.1.RELEASE, Spring v5.0.5.RELEASE
2018-08-07 19:39:11.151 INFO  [restartedMain] org.springframework.boot.SpringApplication:659 - [AdminApplication::logStartupProfileInfo] No active profile set, falling back to default profiles: default
2018-08-07 19:39:59.159 INFO  [restartedMain] org.springframework.boot.StartupInfoLogger:50 - [AdminApplication::logStarting] Starting AdminApplication on LAPTOP-0POUR98H with PID 5464 (D:\JavaWorkSpace\fyts-Alpha\fyts-parent\fyts-modules-admin\target\classes started by admin in D:\JavaWorkSpace\fyts-Alpha\fyts-parent\fyts-modules-admin)
2018-08-07 19:39:59.171 DEBUG [restartedMain] org.springframework.boot.StartupInfoLogger:53 - [AdminApplication::logStarting] Running with Spring Boot v2.0.1.RELEASE, Spring v5.0.5.RELEASE
2018-08-07 19:39:59.172 INFO  [restartedMain] org.springframework.boot.SpringApplication:659 - [AdminApplication::logStartupProfileInfo] No active profile set, falling back to default profiles: default
2018-08-07 19:41:55.388 INFO  [restartedMain] org.springframework.boot.StartupInfoLogger:50 - [AdminApplication::logStarting] Starting AdminApplication on LAPTOP-0POUR98H with PID 11176 (D:\JavaWorkSpace\fyts-Alpha\fyts-parent\fyts-modules-admin\target\classes started by admin in D:\JavaWorkSpace\fyts-Alpha\fyts-parent\fyts-modules-admin)
2018-08-07 19:41:55.401 DEBUG [restartedMain] org.springframework.boot.StartupInfoLogger:53 - [AdminApplication::logStarting] Running with Spring Boot v2.0.1.RELEASE, Spring v5.0.5.RELEASE
2018-08-07 19:41:55.401 INFO  [restartedMain] org.springframework.boot.SpringApplication:663 - [AdminApplication::logStartupProfileInfo] The following profiles are active: core-dev,dev
2018-08-07 19:43:42.062 INFO  [restartedMain] org.springframework.boot.StartupInfoLogger:50 - [AdminApplication::logStarting] Starting AdminApplication on LAPTOP-0POUR98H with PID 6880 (D:\JavaWorkSpace\fyts-Alpha\fyts-parent\fyts-modules-admin\target\classes started by admin in D:\JavaWorkSpace\fyts-Alpha\fyts-parent\fyts-modules-admin)
2018-08-07 19:43:42.069 DEBUG [restartedMain] org.springframework.boot.StartupInfoLogger:53 - [AdminApplication::logStarting] Running with Spring Boot v2.0.1.RELEASE, Spring v5.0.5.RELEASE
2018-08-07 19:43:42.070 INFO  [restartedMain] org.springframework.boot.SpringApplication:663 - [AdminApplication::logStartupProfileInfo] The following profiles are active: core-dev,dev
2018-08-07 19:43:52.269 INFO  [restartedMain] org.springframework.boot.StartupInfoLogger:59 - [AdminApplication::logStarted] Started AdminApplication in 11.343 seconds (JVM running for 12.906)
2018-08-07 19:44:07.663 DEBUG [http-nio-8081-exec-1] org.apache.ibatis.logging.jdbc.BaseJdbcLogger:159 - [selectPage::debug] ==>  Preparing: SELECT COUNT(1) FROM admin 
2018-08-07 19:44:07.699 DEBUG [http-nio-8081-exec-1] org.apache.ibatis.logging.jdbc.BaseJdbcLogger:159 - [selectPage::debug] ==> Parameters: 
2018-08-07 19:44:07.727 DEBUG [http-nio-8081-exec-1] org.apache.ibatis.logging.jdbc.BaseJdbcLogger:159 - [selectPage::debug] ==>  Preparing: SELECT id,account,age,`password`,create_date AS createDate,update_date AS updateDate,istatus,del_flag AS delFlag,version FROM admin LIMIT 0,10 
2018-08-07 19:44:07.729 DEBUG [http-nio-8081-exec-1] org.apache.ibatis.logging.jdbc.BaseJdbcLogger:159 - [selectPage::debug] ==> Parameters: 
2018-08-07 19:44:07.738 DEBUG [http-nio-8081-exec-1] org.apache.ibatis.logging.jdbc.BaseJdbcLogger:159 - [selectPage::debug] <==      Total: 4
2018-08-07 19:45:07.784 INFO  [restartedMain] org.springframework.boot.StartupInfoLogger:50 - [AdminApplication::logStarting] Starting AdminApplication on LAPTOP-0POUR98H with PID 6880 (D:\JavaWorkSpace\fyts-Alpha\fyts-parent\fyts-modules-admin\target\classes started by admin in D:\JavaWorkSpace\fyts-Alpha\fyts-parent\fyts-modules-admin)
2018-08-07 19:45:07.785 DEBUG [restartedMain] org.springframework.boot.StartupInfoLogger:53 - [AdminApplication::logStarting] Running with Spring Boot v2.0.1.RELEASE, Spring v5.0.5.RELEASE
2018-08-07 19:45:07.785 INFO  [restartedMain] org.springframework.boot.SpringApplication:663 - [AdminApplication::logStartupProfileInfo] The following profiles are active: core-dev,dev
2018-08-07 19:45:10.221 INFO  [restartedMain] org.springframework.boot.StartupInfoLogger:59 - [AdminApplication::logStarted] Started AdminApplication in 2.556 seconds (JVM running for 90.858)
2018-08-07 19:45:15.508 DEBUG [http-nio-8081-exec-1] org.apache.ibatis.logging.jdbc.BaseJdbcLogger:159 - [selectPage::debug] ==>  Preparing: SELECT COUNT(1) FROM admin 
2018-08-07 19:45:15.511 DEBUG [http-nio-8081-exec-1] org.apache.ibatis.logging.jdbc.BaseJdbcLogger:159 - [selectPage::debug] ==> Parameters: 
2018-08-07 19:45:15.522 DEBUG [http-nio-8081-exec-1] org.apache.ibatis.logging.jdbc.BaseJdbcLogger:159 - [selectPage::debug] ==>  Preparing: SELECT id,account,age,`password`,create_date AS createDate,update_date AS updateDate,istatus,del_flag AS delFlag,version FROM admin LIMIT 0,10 
2018-08-07 19:45:15.524 DEBUG [http-nio-8081-exec-1] org.apache.ibatis.logging.jdbc.BaseJdbcLogger:159 - [selectPage::debug] ==> Parameters: 
2018-08-07 19:45:15.538 DEBUG [http-nio-8081-exec-1] org.apache.ibatis.logging.jdbc.BaseJdbcLogger:159 - [selectPage::debug] <==      Total: 4
2018-08-07 19:53:41.737 INFO  [restartedMain] org.springframework.boot.StartupInfoLogger:50 - [AdminApplication::logStarting] Starting AdminApplication on LAPTOP-0POUR98H with PID 6880 (D:\JavaWorkSpace\fyts-Alpha\fyts-parent\fyts-modules-admin\target\classes started by admin in D:\JavaWorkSpace\fyts-Alpha\fyts-parent\fyts-modules-admin)
2018-08-07 19:53:41.738 DEBUG [restartedMain] org.springframework.boot.StartupInfoLogger:53 - [AdminApplication::logStarting] Running with Spring Boot v2.0.1.RELEASE, Spring v5.0.5.RELEASE
2018-08-07 19:53:41.738 INFO  [restartedMain] org.springframework.boot.SpringApplication:663 - [AdminApplication::logStartupProfileInfo] The following profiles are active: core-dev,dev
2018-08-07 19:56:31.618 INFO  [restartedMain] org.springframework.boot.StartupInfoLogger:50 - [AdminApplication::logStarting] Starting AdminApplication on LAPTOP-0POUR98H with PID 6880 (D:\JavaWorkSpace\fyts-Alpha\fyts-parent\fyts-modules-admin\target\classes started by admin in D:\JavaWorkSpace\fyts-Alpha\fyts-parent\fyts-modules-admin)
2018-08-07 19:56:31.618 DEBUG [restartedMain] org.springframework.boot.StartupInfoLogger:53 - [AdminApplication::logStarting] Running with Spring Boot v2.0.1.RELEASE, Spring v5.0.5.RELEASE
2018-08-07 19:56:31.618 INFO  [restartedMain] org.springframework.boot.SpringApplication:663 - [AdminApplication::logStartupProfileInfo] The following profiles are active: core-dev,dev
2018-08-07 19:57:35.331 INFO  [restartedMain] org.springframework.boot.StartupInfoLogger:50 - [AdminApplication::logStarting] Starting AdminApplication on LAPTOP-0POUR98H with PID 6880 (D:\JavaWorkSpace\fyts-Alpha\fyts-parent\fyts-modules-admin\target\classes started by admin in D:\JavaWorkSpace\fyts-Alpha\fyts-parent\fyts-modules-admin)
2018-08-07 19:57:35.331 DEBUG [restartedMain] org.springframework.boot.StartupInfoLogger:53 - [AdminApplication::logStarting] Running with Spring Boot v2.0.1.RELEASE, Spring v5.0.5.RELEASE
2018-08-07 19:57:35.332 INFO  [restartedMain] org.springframework.boot.SpringApplication:663 - [AdminApplication::logStartupProfileInfo] The following profiles are active: core-dev,dev
2018-08-07 19:58:41.853 INFO  [restartedMain] org.springframework.boot.StartupInfoLogger:50 - [AdminApplication::logStarting] Starting AdminApplication on LAPTOP-0POUR98H with PID 6880 (D:\JavaWorkSpace\fyts-Alpha\fyts-parent\fyts-modules-admin\target\classes started by admin in D:\JavaWorkSpace\fyts-Alpha\fyts-parent\fyts-modules-admin)
2018-08-07 19:58:41.854 DEBUG [restartedMain] org.springframework.boot.StartupInfoLogger:53 - [AdminApplication::logStarting] Running with Spring Boot v2.0.1.RELEASE, Spring v5.0.5.RELEASE
2018-08-07 19:58:41.854 INFO  [restartedMain] org.springframework.boot.SpringApplication:663 - [AdminApplication::logStartupProfileInfo] The following profiles are active: core-dev,dev
2018-08-07 20:00:03.550 INFO  [restartedMain] org.springframework.boot.StartupInfoLogger:50 - [AdminApplication::logStarting] Starting AdminApplication on LAPTOP-0POUR98H with PID 6880 (D:\JavaWorkSpace\fyts-Alpha\fyts-parent\fyts-modules-admin\target\classes started by admin in D:\JavaWorkSpace\fyts-Alpha\fyts-parent\fyts-modules-admin)
2018-08-07 20:00:03.551 DEBUG [restartedMain] org.springframework.boot.StartupInfoLogger:53 - [AdminApplication::logStarting] Running with Spring Boot v2.0.1.RELEASE, Spring v5.0.5.RELEASE
2018-08-07 20:00:03.551 INFO  [restartedMain] org.springframework.boot.SpringApplication:663 - [AdminApplication::logStartupProfileInfo] The following profiles are active: core-dev,dev
2018-08-07 20:00:20.264 INFO  [restartedMain] org.springframework.boot.StartupInfoLogger:50 - [AdminApplication::logStarting] Starting AdminApplication on LAPTOP-0POUR98H with PID 15040 (D:\JavaWorkSpace\fyts-Alpha\fyts-parent\fyts-modules-admin\target\classes started by admin in D:\JavaWorkSpace\fyts-Alpha\fyts-parent\fyts-modules-admin)
2018-08-07 20:00:20.272 DEBUG [restartedMain] org.springframework.boot.StartupInfoLogger:53 - [AdminApplication::logStarting] Running with Spring Boot v2.0.1.RELEASE, Spring v5.0.5.RELEASE
2018-08-07 20:00:20.273 INFO  [restartedMain] org.springframework.boot.SpringApplication:663 - [AdminApplication::logStartupProfileInfo] The following profiles are active: core-dev,dev
2018-08-07 20:04:17.846 INFO  [restartedMain] org.springframework.boot.StartupInfoLogger:50 - [AdminApplication::logStarting] Starting AdminApplication on LAPTOP-0POUR98H with PID 16768 (D:\JavaWorkSpace\fyts-Alpha\fyts-parent\fyts-modules-admin\target\classes started by admin in D:\JavaWorkSpace\fyts-Alpha\fyts-parent\fyts-modules-admin)
2018-08-07 20:04:17.855 DEBUG [restartedMain] org.springframework.boot.StartupInfoLogger:53 - [AdminApplication::logStarting] Running with Spring Boot v2.0.1.RELEASE, Spring v5.0.5.RELEASE
2018-08-07 20:04:17.855 INFO  [restartedMain] org.springframework.boot.SpringApplication:663 - [AdminApplication::logStartupProfileInfo] The following profiles are active: core-dev,dev
2018-08-07 20:07:52.461 INFO  [restartedMain] org.springframework.boot.StartupInfoLogger:50 - [AdminApplication::logStarting] Starting AdminApplication on LAPTOP-0POUR98H with PID 20648 (D:\JavaWorkSpace\fyts-Alpha\fyts-parent\fyts-modules-admin\target\classes started by admin in D:\JavaWorkSpace\fyts-Alpha\fyts-parent\fyts-modules-admin)
2018-08-07 20:07:52.469 DEBUG [restartedMain] org.springframework.boot.StartupInfoLogger:53 - [AdminApplication::logStarting] Running with Spring Boot v2.0.1.RELEASE, Spring v5.0.5.RELEASE
2018-08-07 20:07:52.469 INFO  [restartedMain] org.springframework.boot.SpringApplication:663 - [AdminApplication::logStartupProfileInfo] The following profiles are active: core-dev,dev
2018-08-07 20:08:03.388 INFO  [restartedMain] org.springframework.boot.StartupInfoLogger:59 - [AdminApplication::logStarted] Started AdminApplication in 12.134 seconds (JVM running for 13.956)
2018-08-07 20:08:19.124 DEBUG [http-nio-8081-exec-10] org.apache.ibatis.logging.jdbc.BaseJdbcLogger:159 - [selectPage::debug] ==>  Preparing: SELECT COUNT(1) FROM admin 
2018-08-07 20:08:19.178 DEBUG [http-nio-8081-exec-10] org.apache.ibatis.logging.jdbc.BaseJdbcLogger:159 - [selectPage::debug] ==> Parameters: 
2018-08-07 20:08:19.210 DEBUG [http-nio-8081-exec-10] org.apache.ibatis.logging.jdbc.BaseJdbcLogger:159 - [selectPage::debug] ==>  Preparing: SELECT id,account,age,`password`,create_date AS createDate,update_date AS updateDate,istatus,del_flag AS delFlag,version FROM admin LIMIT 0,10 
2018-08-07 20:08:19.212 DEBUG [http-nio-8081-exec-10] org.apache.ibatis.logging.jdbc.BaseJdbcLogger:159 - [selectPage::debug] ==> Parameters: 
2018-08-07 20:08:19.224 DEBUG [http-nio-8081-exec-10] org.apache.ibatis.logging.jdbc.BaseJdbcLogger:159 - [selectPage::debug] <==      Total: 4
2018-08-07 20:08:45.248 INFO  [restartedMain] org.springframework.boot.StartupInfoLogger:50 - [AdminApplication::logStarting] Starting AdminApplication on LAPTOP-0POUR98H with PID 20648 (D:\JavaWorkSpace\fyts-Alpha\fyts-parent\fyts-modules-admin\target\classes started by admin in D:\JavaWorkSpace\fyts-Alpha\fyts-parent\fyts-modules-admin)
2018-08-07 20:08:45.248 DEBUG [restartedMain] org.springframework.boot.StartupInfoLogger:53 - [AdminApplication::logStarting] Running with Spring Boot v2.0.1.RELEASE, Spring v5.0.5.RELEASE
2018-08-07 20:08:45.249 INFO  [restartedMain] org.springframework.boot.SpringApplication:663 - [AdminApplication::logStartupProfileInfo] The following profiles are active: core-dev,dev
2018-08-07 20:08:47.973 INFO  [restartedMain] org.springframework.boot.StartupInfoLogger:59 - [AdminApplication::logStarted] Started AdminApplication in 2.902 seconds (JVM running for 58.542)
2018-08-07 20:08:54.994 DEBUG [http-nio-8081-exec-1] org.apache.ibatis.logging.jdbc.BaseJdbcLogger:159 - [selectPage::debug] ==>  Preparing: SELECT COUNT(1) FROM admin 
2018-08-07 20:08:54.994 DEBUG [http-nio-8081-exec-1] org.apache.ibatis.logging.jdbc.BaseJdbcLogger:159 - [selectPage::debug] ==> Parameters: 
2018-08-07 20:08:54.999 DEBUG [http-nio-8081-exec-1] org.apache.ibatis.logging.jdbc.BaseJdbcLogger:159 - [selectPage::debug] ==>  Preparing: SELECT id,account,age,`password`,create_date AS createDate,update_date AS updateDate,istatus,del_flag AS delFlag,version FROM admin LIMIT 0,10 
2018-08-07 20:08:55.000 DEBUG [http-nio-8081-exec-1] org.apache.ibatis.logging.jdbc.BaseJdbcLogger:159 - [selectPage::debug] ==> Parameters: 
2018-08-07 20:08:55.011 DEBUG [http-nio-8081-exec-1] org.apache.ibatis.logging.jdbc.BaseJdbcLogger:159 - [selectPage::debug] <==      Total: 4
2018-08-07 20:09:39.315 INFO  [restartedMain] org.springframework.boot.StartupInfoLogger:50 - [AdminApplication::logStarting] Starting AdminApplication on LAPTOP-0POUR98H with PID 20648 (D:\JavaWorkSpace\fyts-Alpha\fyts-parent\fyts-modules-admin\target\classes started by admin in D:\JavaWorkSpace\fyts-Alpha\fyts-parent\fyts-modules-admin)
2018-08-07 20:09:39.316 DEBUG [restartedMain] org.springframework.boot.StartupInfoLogger:53 - [AdminApplication::logStarting] Running with Spring Boot v2.0.1.RELEASE, Spring v5.0.5.RELEASE
2018-08-07 20:09:39.316 INFO  [restartedMain] org.springframework.boot.SpringApplication:663 - [AdminApplication::logStartupProfileInfo] The following profiles are active: core-dev,dev
2018-08-07 20:09:42.179 INFO  [restartedMain] org.springframework.boot.StartupInfoLogger:59 - [AdminApplication::logStarted] Started AdminApplication in 2.966 seconds (JVM running for 112.747)
2018-08-07 20:09:50.134 DEBUG [http-nio-8081-exec-1] org.apache.ibatis.logging.jdbc.BaseJdbcLogger:159 - [selectPage::debug] ==>  Preparing: SELECT COUNT(1) FROM admin 
2018-08-07 20:09:50.136 DEBUG [http-nio-8081-exec-1] org.apache.ibatis.logging.jdbc.BaseJdbcLogger:159 - [selectPage::debug] ==> Parameters: 
2018-08-07 20:09:50.151 DEBUG [http-nio-8081-exec-1] org.apache.ibatis.logging.jdbc.BaseJdbcLogger:159 - [selectPage::debug] ==>  Preparing: SELECT id,account,age,`password`,create_date AS createDate,update_date AS updateDate,istatus,del_flag AS delFlag,version FROM admin LIMIT 0,10 
2018-08-07 20:09:50.153 DEBUG [http-nio-8081-exec-1] org.apache.ibatis.logging.jdbc.BaseJdbcLogger:159 - [selectPage::debug] ==> Parameters: 
2018-08-07 20:09:50.160 DEBUG [http-nio-8081-exec-1] org.apache.ibatis.logging.jdbc.BaseJdbcLogger:159 - [selectPage::debug] <==      Total: 4
2018-08-07 20:09:59.364 INFO  [restartedMain] org.springframework.boot.StartupInfoLogger:50 - [AdminApplication::logStarting] Starting AdminApplication on LAPTOP-0POUR98H with PID 23356 (D:\JavaWorkSpace\fyts-Alpha\fyts-parent\fyts-modules-admin\target\classes started by admin in D:\JavaWorkSpace\fyts-Alpha\fyts-parent\fyts-modules-admin)
2018-08-07 20:09:59.376 DEBUG [restartedMain] org.springframework.boot.StartupInfoLogger:53 - [AdminApplication::logStarting] Running with Spring Boot v2.0.1.RELEASE, Spring v5.0.5.RELEASE
2018-08-07 20:09:59.376 INFO  [restartedMain] org.springframework.boot.SpringApplication:663 - [AdminApplication::logStartupProfileInfo] The following profiles are active: core-dev,dev
2018-08-07 20:10:08.374 INFO  [restartedMain] org.springframework.boot.StartupInfoLogger:59 - [AdminApplication::logStarted] Started AdminApplication in 10.073 seconds (JVM running for 11.716)
2018-08-07 20:10:20.092 DEBUG [http-nio-8081-exec-1] org.apache.ibatis.logging.jdbc.BaseJdbcLogger:159 - [selectPage::debug] ==>  Preparing: SELECT COUNT(1) FROM admin 
2018-08-07 20:10:20.121 DEBUG [http-nio-8081-exec-1] org.apache.ibatis.logging.jdbc.BaseJdbcLogger:159 - [selectPage::debug] ==> Parameters: 
2018-08-07 20:10:20.148 DEBUG [http-nio-8081-exec-1] org.apache.ibatis.logging.jdbc.BaseJdbcLogger:159 - [selectPage::debug] ==>  Preparing: SELECT id,account,age,`password`,create_date AS createDate,update_date AS updateDate,istatus,del_flag AS delFlag,version FROM admin LIMIT 0,10 
2018-08-07 20:10:20.152 DEBUG [http-nio-8081-exec-1] org.apache.ibatis.logging.jdbc.BaseJdbcLogger:159 - [selectPage::debug] ==> Parameters: 
2018-08-07 20:10:20.162 DEBUG [http-nio-8081-exec-1] org.apache.ibatis.logging.jdbc.BaseJdbcLogger:159 - [selectPage::debug] <==      Total: 4
2018-08-07 20:10:25.791 DEBUG [http-nio-8081-exec-3] org.apache.ibatis.logging.jdbc.BaseJdbcLogger:159 - [selectPage::debug] ==>  Preparing: SELECT COUNT(1) FROM admin 
2018-08-07 20:10:25.792 DEBUG [http-nio-8081-exec-3] org.apache.ibatis.logging.jdbc.BaseJdbcLogger:159 - [selectPage::debug] ==> Parameters: 
2018-08-07 20:10:25.795 DEBUG [http-nio-8081-exec-3] org.apache.ibatis.logging.jdbc.BaseJdbcLogger:159 - [selectPage::debug] ==>  Preparing: SELECT id,account,age,`password`,create_date AS createDate,update_date AS updateDate,istatus,del_flag AS delFlag,version FROM admin LIMIT 0,10 
2018-08-07 20:10:25.796 DEBUG [http-nio-8081-exec-3] org.apache.ibatis.logging.jdbc.BaseJdbcLogger:159 - [selectPage::debug] ==> Parameters: 
2018-08-07 20:10:25.802 DEBUG [http-nio-8081-exec-3] org.apache.ibatis.logging.jdbc.BaseJdbcLogger:159 - [selectPage::debug] <==      Total: 4
2018-08-07 20:10:50.152 INFO  [restartedMain] org.springframework.boot.StartupInfoLogger:50 - [AdminApplication::logStarting] Starting AdminApplication on LAPTOP-0POUR98H with PID 23356 (D:\JavaWorkSpace\fyts-Alpha\fyts-parent\fyts-modules-admin\target\classes started by admin in D:\JavaWorkSpace\fyts-Alpha\fyts-parent\fyts-modules-admin)
2018-08-07 20:10:50.152 DEBUG [restartedMain] org.springframework.boot.StartupInfoLogger:53 - [AdminApplication::logStarting] Running with Spring Boot v2.0.1.RELEASE, Spring v5.0.5.RELEASE
2018-08-07 20:10:50.152 INFO  [restartedMain] org.springframework.boot.SpringApplication:663 - [AdminApplication::logStartupProfileInfo] The following profiles are active: core-dev,dev
2018-08-07 20:10:52.748 INFO  [restartedMain] org.springframework.boot.StartupInfoLogger:59 - [AdminApplication::logStarted] Started AdminApplication in 2.776 seconds (JVM running for 56.089)
2018-08-07 20:12:58.481 INFO  [restartedMain] org.springframework.boot.StartupInfoLogger:50 - [AdminApplication::logStarting] Starting AdminApplication on LAPTOP-0POUR98H with PID 23356 (D:\JavaWorkSpace\fyts-Alpha\fyts-parent\fyts-modules-admin\target\classes started by admin in D:\JavaWorkSpace\fyts-Alpha\fyts-parent\fyts-modules-admin)
2018-08-07 20:12:58.481 DEBUG [restartedMain] org.springframework.boot.StartupInfoLogger:53 - [AdminApplication::logStarting] Running with Spring Boot v2.0.1.RELEASE, Spring v5.0.5.RELEASE
2018-08-07 20:12:58.481 INFO  [restartedMain] org.springframework.boot.SpringApplication:663 - [AdminApplication::logStartupProfileInfo] The following profiles are active: core-dev,dev
2018-08-07 20:13:01.288 INFO  [restartedMain] org.springframework.boot.StartupInfoLogger:59 - [AdminApplication::logStarted] Started AdminApplication in 2.972 seconds (JVM running for 184.63)
